<?xml version="1.0" encoding="UTF-8"?>
<!-- Generated by org.testng.reporters.JUnitReportReporter -->
<testsuite hostname="HIBAIL56712" name="com.automation.testcases.MultiSelectCheckBoxPageTest" tests="4" failures="0" timestamp="26 Jul 2017 06:10:47 GMT" time="30.398" errors="0">
  <testcase name="verifyBUttonLabelAfterDeselectOneOption" time="1.255" classname="com.automation.testcases.MultiSelectCheckBoxPageTest"/>
  <testcase name="verifyCheckAllButtonCLick" time="1.245" classname="com.automation.testcases.MultiSelectCheckBoxPageTest"/>
  <testcase name="verifyAllOptionSelect" time="27.001" classname="com.automation.testcases.MultiSelectCheckBoxPageTest"/>
  <testcase name="verifyButtonLabel" time="0.897" classname="com.automation.testcases.MultiSelectCheckBoxPageTest"/>
</testsuite> <!-- com.automation.testcases.MultiSelectCheckBoxPageTest -->
