<?xml version="1.0" encoding="UTF-8"?>
<!-- Generated by org.testng.reporters.JUnitReportReporter -->
<testsuite hostname="HIBAIL56712" name="com.automation.testcases.TableDataSearchPageTest" tests="1" failures="0" timestamp="26 Jul 2017 06:10:47 GMT" time="17.185" errors="0">
  <testcase name="verifyTableDataSearchPage" time="17.185" classname="com.automation.testcases.TableDataSearchPageTest"/>
</testsuite> <!-- com.automation.testcases.TableDataSearchPageTest -->
