<?xml version="1.0" encoding="UTF-8"?>
<!-- Generated by org.testng.reporters.JUnitReportReporter -->
<testsuite hostname="HIBAIL56712" name="com.automation.testcases.Selenium_Easy_JQuery_DropDownTest" tests="6" failures="0" timestamp="26 Jul 2017 06:10:47 GMT" time="26.515" errors="0">
  <testcase name="MultiSelectStates" time="1.325" classname="com.automation.testcases.Selenium_Easy_JQuery_DropDownTest"/>
  <testcase name="VerifyDropdownWithCategoryRelatedOptions" time="19.623" classname="com.automation.testcases.Selenium_Easy_JQuery_DropDownTest"/>
  <testcase name="VerifyTerritoryDisabled" time="0.942" classname="com.automation.testcases.Selenium_Easy_JQuery_DropDownTest"/>
  <testcase name="VerifySearchAndSelectCountry" time="1.432" classname="com.automation.testcases.Selenium_Easy_JQuery_DropDownTest"/>
  <testcase name="DropDownWithTerritoryEnabled" time="2.376" classname="com.automation.testcases.Selenium_Easy_JQuery_DropDownTest"/>
  <testcase name="ValidateJQuerySelectDropdownPage" time="0.817" classname="com.automation.testcases.Selenium_Easy_JQuery_DropDownTest"/>
</testsuite> <!-- com.automation.testcases.Selenium_Easy_JQuery_DropDownTest -->
