<?xml version="1.0" encoding="UTF-8"?>
<!-- Generated by org.testng.reporters.JUnitReportReporter -->
<testsuite hostname="HIBAIL56712" name="com.automation.testcases.BootstrapAlertsPageTest" tests="1" failures="0" timestamp="26 Jul 2017 06:10:47 GMT" time="16.544" errors="0">
  <testcase name="verifyBootstrapAlerts" time="16.544" classname="com.automation.testcases.BootstrapAlertsPageTest"/>
</testsuite> <!-- com.automation.testcases.BootstrapAlertsPageTest -->
