<?xml version="1.0" encoding="UTF-8"?>
<!-- Generated by org.testng.reporters.JUnitReportReporter -->
<testsuite hostname="HIBAIL56712" name="com.automation.testcases.JavaScriptAlertPageTest" tests="3" failures="0" timestamp="26 Jul 2017 06:10:47 GMT" time="17.681" errors="0">
  <testcase name="verifyJavascriptAlertPage" time="0.880" classname="com.automation.testcases.JavaScriptAlertPageTest"/>
  <testcase name="acceptAlertMessage" time="10.833" classname="com.automation.testcases.JavaScriptAlertPageTest"/>
  <testcase name="getAlertMessage" time="5.968" classname="com.automation.testcases.JavaScriptAlertPageTest"/>
</testsuite> <!-- com.automation.testcases.JavaScriptAlertPageTest -->
