<?xml version="1.0" encoding="UTF-8"?>
<!-- Generated by org.testng.reporters.JUnitReportReporter -->
<testsuite hostname="HIBAIL56712" name="com.automation.testcases.SingleCheckBoxPageTest" tests="3" failures="0" timestamp="26 Jul 2017 06:10:47 GMT" time="2.918" errors="0">
  <testcase name="verifyCheckboxPage" time="0.947" classname="com.automation.testcases.SingleCheckBoxPageTest"/>
  <testcase name="checkSingleSelectCheckbox" time="1.027" classname="com.automation.testcases.SingleCheckBoxPageTest"/>
  <testcase name="verifySucessMessage" time="0.944" classname="com.automation.testcases.SingleCheckBoxPageTest"/>
</testsuite> <!-- com.automation.testcases.SingleCheckBoxPageTest -->
