<?xml version="1.0" encoding="UTF-8"?>
<!-- Generated by org.testng.reporters.JUnitReportReporter -->
<testsuite hostname="HIBAIL56712" name="com.automation.testcases.JQueryDatePickerPageTest" tests="2" failures="0" timestamp="26 Jul 2017 06:10:47 GMT" time="5.722" errors="0">
  <testcase name="verifyJQueryCalendar" time="2.536" classname="com.automation.testcases.JQueryDatePickerPageTest"/>
  <testcase name="verifyJQueryCalendarStartAndEndDates" time="3.186" classname="com.automation.testcases.JQueryDatePickerPageTest"/>
</testsuite> <!-- com.automation.testcases.JQueryDatePickerPageTest -->
