<?xml version="1.0" encoding="UTF-8"?>
<!-- Generated by org.testng.reporters.JUnitReportReporter -->
<testsuite hostname="HIBAIL56712" name="com.automation.testcases.SingleSelectDropdownListPageTest" tests="3" failures="0" timestamp="26 Jul 2017 06:10:47 GMT" time="2.628" errors="0">
  <testcase name="verifySuccessMessage" time="1.014" classname="com.automation.testcases.SingleSelectDropdownListPageTest"/>
  <testcase name="SelectDay" time="0.960" classname="com.automation.testcases.SingleSelectDropdownListPageTest"/>
  <testcase name="verifySelectDropdownListDemoPage" time="0.654" classname="com.automation.testcases.SingleSelectDropdownListPageTest"/>
</testsuite> <!-- com.automation.testcases.SingleSelectDropdownListPageTest -->
