<?xml version="1.0" encoding="UTF-8"?>
<!-- Generated by org.testng.reporters.JUnitReportReporter -->
<testsuite hostname="HIBAIL56712" name="com.automation.testcases.MultipleSelectDropdownListPageTest" tests="3" failures="0" timestamp="26 Jul 2017 06:10:47 GMT" time="27.364" errors="0">
  <testcase name="getAllSelectedOptions" time="12.917" classname="com.automation.testcases.MultipleSelectDropdownListPageTest"/>
  <testcase name="selectMultipleOption" time="13.480" classname="com.automation.testcases.MultipleSelectDropdownListPageTest"/>
  <testcase name="getAllOptionsInlistBox" time="0.967" classname="com.automation.testcases.MultipleSelectDropdownListPageTest"/>
</testsuite> <!-- com.automation.testcases.MultipleSelectDropdownListPageTest -->
