<?xml version="1.0" encoding="UTF-8"?>
<!-- Generated by org.testng.reporters.JUnitReportReporter -->
<testsuite hostname="HIBAIL56712" name="com.automation.testcases.BootstrapDatePickerPageTest" tests="5" failures="0" timestamp="26 Jul 2017 06:10:47 GMT" time="7.210" errors="0">
  <testcase name="verifyBootstrapCalendar" time="0.909" classname="com.automation.testcases.BootstrapDatePickerPageTest"/>
  <testcase name="verifyDaysOfWeekIsDisabled" time="1.190" classname="com.automation.testcases.BootstrapDatePickerPageTest"/>
  <testcase name="verifyStartingWeek" time="1.139" classname="com.automation.testcases.BootstrapDatePickerPageTest"/>
  <testcase name="verifyDateCleared" time="2.012" classname="com.automation.testcases.BootstrapDatePickerPageTest"/>
  <testcase name="VerifyTodaysDate" time="1.960" classname="com.automation.testcases.BootstrapDatePickerPageTest"/>
</testsuite> <!-- com.automation.testcases.BootstrapDatePickerPageTest -->
